NumberFormatException.java:forInputString:65
Integer.java:parseInt:504
DiagnosticTroubleCode.java:<init>:442
DiagnosticTroubleCodeTest.java:inflaterConstructorB:178
NativeMethodAccessorImpl.java:invoke0:-2
NativeMethodAccessorImpl.java:invoke:57
DelegatingMethodAccessorImpl.java:invoke:43
Method.java:invoke:606
FrameworkMethod.java:runReflectiveCall:50
ReflectiveCallable.java:run:12
FrameworkMethod.java:invokeExplosively:47
InvokeMethod.java:evaluate:17
RobolectricTestRunner.java:evaluate:236
ParentRunner.java:runLeaf:325
BlockJUnit4ClassRunner.java:runChild:78
BlockJUnit4ClassRunner.java:runChild:57
ParentRunner.java:run:290
ParentRunner.java:schedule:71
ParentRunner.java:runChildren:288
ParentRunner.java:access$000:58
ParentRunner.java:evaluate:268
RobolectricTestRunner.java:evaluate:158
ParentRunner.java:run:363
JUnitTestClassExecuter.java:runTestClass:86
JUnitTestClassExecuter.java:execute:49
JUnitTestClassProcessor.java:processTestClass:69
SuiteTestClassProcessor.java:processTestClass:48
NativeMethodAccessorImpl.java:invoke0:-2
NativeMethodAccessorImpl.java:invoke:57
DelegatingMethodAccessorImpl.java:invoke:43
Method.java:invoke:606
ReflectionDispatch.java:dispatch:35
ReflectionDispatch.java:dispatch:24
ContextClassLoaderDispatch.java:dispatch:32
ProxyDispatchAdapter.java:invoke:93
null:processTestClass:-1
TestWorker.java:processTestClass:105
NativeMethodAccessorImpl.java:invoke0:-2
NativeMethodAccessorImpl.java:invoke:57
DelegatingMethodAccessorImpl.java:invoke:43
Method.java:invoke:606
ReflectionDispatch.java:dispatch:35
ReflectionDispatch.java:dispatch:24
MessageHub.java:run:360
DefaultExecutorFactory.java:run:64
ThreadPoolExecutor.java:runWorker:1145
ThreadPoolExecutor.java:run:615
Thread.java:run:745
